  bolsa.c
C:\Users\Hugo\Desktop\Eng. Informática\2º Ano\2º Semestre\SO2\SO2-23-24\2ª META\Trabalho_Prático2024\bolsa.c(97,44): warning C4020: '_wcsicmp': muitos parâmetros reais
C:\Users\Hugo\Desktop\Eng. Informática\2º Ano\2º Semestre\SO2\SO2-23-24\2ª META\Trabalho_Prático2024\bolsa.c(117,44): warning C4020: '_wcsicmp': muitos parâmetros reais
C:\Users\Hugo\Desktop\Eng. Informática\2º Ano\2º Semestre\SO2\SO2-23-24\2ª META\Trabalho_Prático2024\bolsa.c(149,53): warning C4474: 'wprintf': excesso de argumentos transmitidos para cadeia de caracteres de formato
  C:\Users\Hugo\Desktop\Eng. Informática\2º Ano\2º Semestre\SO2\SO2-23-24\2ª META\Trabalho_Prático2024\bolsa.c(149,53):
  espaços reservados e seus parâmetros esperam 0 argumentos variadic, mas 1 foram fornecidos
  
C:\Users\Hugo\Desktop\Eng. Informática\2º Ano\2º Semestre\SO2\SO2-23-24\2ª META\Trabalho_Prático2024\bolsa.c(160,30): warning C4244: '=': conversão de 'float' para 'DWORD', possível perda de dados
C:\Users\Hugo\Desktop\Eng. Informática\2º Ano\2º Semestre\SO2\SO2-23-24\2ª META\Trabalho_Prático2024\bolsa.c(199,25): warning C4244: '=': conversão de 'float' para 'DWORD', possível perda de dados
C:\Users\Hugo\Desktop\Eng. Informática\2º Ano\2º Semestre\SO2\SO2-23-24\2ª META\Trabalho_Prático2024\bolsa.c(10,44): warning C4101: 'nBytes': variável local não referenciada
C:\Users\Hugo\Desktop\Eng. Informática\2º Ano\2º Semestre\SO2\SO2-23-24\2ª META\Trabalho_Prático2024\bolsa.c(14,44): warning C4101: 'string': variável local não referenciada
C:\Users\Hugo\Desktop\Eng. Informática\2º Ano\2º Semestre\SO2\SO2-23-24\2ª META\Trabalho_Prático2024\bolsa.c(7,9): warning C4101: 'hPipe': variável local não referenciada
C:\Users\Hugo\Desktop\Eng. Informática\2º Ano\2º Semestre\SO2\SO2-23-24\2ª META\Trabalho_Prático2024\bolsa.c(15,7): warning C4101: 'resultado': variável local não referenciada
C:\Users\Hugo\Desktop\Eng. Informática\2º Ano\2º Semestre\SO2\SO2-23-24\2ª META\Trabalho_Prático2024\bolsa.c(22,14): warning C4101: 'cd': variável local não referenciada
C:\Users\Hugo\Desktop\Eng. Informática\2º Ano\2º Semestre\SO2\SO2-23-24\2ª META\Trabalho_Prático2024\bolsa.c(7,16): warning C4101: 'hThreadArray': variável local não referenciada
C:\Users\Hugo\Desktop\Eng. Informática\2º Ano\2º Semestre\SO2\SO2-23-24\2ª META\Trabalho_Prático2024\bolsa.c(255,12): warning C4098: 'CriaRegedit': função 'void' retornando um valor
C:\Users\Hugo\Desktop\Eng. Informática\2º Ano\2º Semestre\SO2\SO2-23-24\2ª META\Trabalho_Prático2024\bolsa.c(259,55): warning C4047: 'função': 'DWORD' difere em níveis de indireção de 'void *'
C:\Users\Hugo\Desktop\Eng. Informática\2º Ano\2º Semestre\SO2\SO2-23-24\2ª META\Trabalho_Prático2024\bolsa.c(259,55): warning C4024: 'RegSetValueExW': tipos diferentes para parâmetro formal e real 3
C:\Users\Hugo\Desktop\Eng. Informática\2º Ano\2º Semestre\SO2\SO2-23-24\2ª META\Trabalho_Prático2024\bolsa.c(259,81): warning C4047: 'função': 'const BYTE *' difere em níveis de indireção de 'LPBYTE *'
C:\Users\Hugo\Desktop\Eng. Informática\2º Ano\2º Semestre\SO2\SO2-23-24\2ª META\Trabalho_Prático2024\bolsa.c(259,81): warning C4024: 'RegSetValueExW': tipos diferentes para parâmetro formal e real 5
C:\Users\Hugo\Desktop\Eng. Informática\2º Ano\2º Semestre\SO2\SO2-23-24\2ª META\Trabalho_Prático2024\bolsa.c(261,12): warning C4098: 'CriaRegedit': função 'void' retornando um valor
C:\Users\Hugo\Desktop\Eng. Informática\2º Ano\2º Semestre\SO2\SO2-23-24\2ª META\Trabalho_Prático2024\bolsa.c(248,7): warning C4101: 'aux': variável local não referenciada
C:\Users\Hugo\Desktop\Eng. Informática\2º Ano\2º Semestre\SO2\SO2-23-24\2ª META\Trabalho_Prático2024\bolsa.c(300,12): warning C4098: 'escreveRegedit': função 'void' retornando um valor
C:\Users\Hugo\Desktop\Eng. Informática\2º Ano\2º Semestre\SO2\SO2-23-24\2ª META\Trabalho_Prático2024\bolsa.c(305,12): warning C4098: 'escreveRegedit': função 'void' retornando um valor
C:\Users\Hugo\Desktop\Eng. Informática\2º Ano\2º Semestre\SO2\SO2-23-24\2ª META\Trabalho_Prático2024\bolsa.c(315,9): warning C4101: 'hPipe': variável local não referenciada
C:\Users\Hugo\Desktop\Eng. Informática\2º Ano\2º Semestre\SO2\SO2-23-24\2ª META\Trabalho_Prático2024\bolsa.c(313,8): warning C4101: 'buf': variável local não referenciada
C:\Users\Hugo\Desktop\Eng. Informática\2º Ano\2º Semestre\SO2\SO2-23-24\2ª META\Trabalho_Prático2024\bolsa.c(314,8): warning C4101: 'nbytes': variável local não referenciada
C:\Users\Hugo\Desktop\Eng. Informática\2º Ano\2º Semestre\SO2\SO2-23-24\2ª META\Trabalho_Prático2024\bolsa.c(375,38): warning C4047: 'função': 'LPOVERLAPPED' difere em níveis de indireção de 'unsigned int'
C:\Users\Hugo\Desktop\Eng. Informática\2º Ano\2º Semestre\SO2\SO2-23-24\2ª META\Trabalho_Prático2024\bolsa.c(375,38): warning C4024: 'ConnectNamedPipe': tipos diferentes para parâmetro formal e real 2
C:\Users\Hugo\Desktop\Eng. Informática\2º Ano\2º Semestre\SO2\SO2-23-24\2ª META\Trabalho_Prático2024\bolsa.c(352,8): warning C4101: 'nBytes': variável local não referenciada
C:\Users\Hugo\Desktop\Eng. Informática\2º Ano\2º Semestre\SO2\SO2-23-24\2ª META\Trabalho_Prático2024\bolsa.c(354,9): warning C4101: 'hSemClientes': variável local não referenciada
C:\Users\Hugo\Desktop\Eng. Informática\2º Ano\2º Semestre\SO2\SO2-23-24\2ª META\Trabalho_Prático2024\bolsa.c(350,14): warning C4101: 'cd': variável local não referenciada
C:\Users\Hugo\Desktop\Eng. Informática\2º Ano\2º Semestre\SO2\SO2-23-24\2ª META\Trabalho_Prático2024\bolsa.c(455,1): warning C4715: 'verificaClientes': nem todos os caminhos de controle retornam um valor
  Trabalho_Prático2024.vcxproj -> C:\Users\Hugo\Desktop\Eng. Informática\2º Ano\2º Semestre\SO2\SO2-23-24\2ª META\Trabalho_Prático2024\Debug\bolsa.exe
