  board.c
C:\Users\Hugo\Desktop\Eng. Informática\2º Ano\2º Semestre\SO2\SO2-23-24\2ª META\Trabalho_Prático2024\board\board.c(41,44): warning C4020: '_wcsicmp': too many actual parameters
C:\Users\Hugo\Desktop\Eng. Informática\2º Ano\2º Semestre\SO2\SO2-23-24\2ª META\Trabalho_Prático2024\board\board.c(57,54): warning C4474: 'wprintf' : too many arguments passed for format string
  C:\Users\Hugo\Desktop\Eng. Informática\2º Ano\2º Semestre\SO2\SO2-23-24\2ª META\Trabalho_Prático2024\board\board.c(57,54):
  placeholders and their parameters expect 0 variadic arguments, but 1 were provided
  
C:\Users\Hugo\Desktop\Eng. Informática\2º Ano\2º Semestre\SO2\SO2-23-24\2ª META\Trabalho_Prático2024\board\board.c(70,31): warning C4244: '=': conversion from 'float' to 'DWORD', possible loss of data
C:\Users\Hugo\Desktop\Eng. Informática\2º Ano\2º Semestre\SO2\SO2-23-24\2ª META\Trabalho_Prático2024\board\board.c(83,50): warning C4020: '_wcsicmp': too many actual parameters
C:\Users\Hugo\Desktop\Eng. Informática\2º Ano\2º Semestre\SO2\SO2-23-24\2ª META\Trabalho_Prático2024\board\board.c(114,12): warning C4002: too many arguments for function-like macro invocation 'TEXT'
C:\Users\Hugo\Desktop\Eng. Informática\2º Ano\2º Semestre\SO2\SO2-23-24\2ª META\Trabalho_Prático2024\board\board.c(114,12): warning C4473: 'wprintf' : not enough arguments passed for format string
  C:\Users\Hugo\Desktop\Eng. Informática\2º Ano\2º Semestre\SO2\SO2-23-24\2ª META\Trabalho_Prático2024\board\board.c(114,12):
  placeholders and their parameters expect 1 variadic arguments, but 0 were provided
  C:\Users\Hugo\Desktop\Eng. Informática\2º Ano\2º Semestre\SO2\SO2-23-24\2ª META\Trabalho_Prático2024\board\board.c(114,12):
  the missing variadic argument 1 is required by format string '%d'
  
C:\Users\Hugo\Desktop\Eng. Informática\2º Ano\2º Semestre\SO2\SO2-23-24\2ª META\Trabalho_Prático2024\board\board.c(124,12): warning C4002: too many arguments for function-like macro invocation 'TEXT'
C:\Users\Hugo\Desktop\Eng. Informática\2º Ano\2º Semestre\SO2\SO2-23-24\2ª META\Trabalho_Prático2024\board\board.c(124,12): warning C4473: 'wprintf' : not enough arguments passed for format string
  C:\Users\Hugo\Desktop\Eng. Informática\2º Ano\2º Semestre\SO2\SO2-23-24\2ª META\Trabalho_Prático2024\board\board.c(124,12):
  placeholders and their parameters expect 1 variadic arguments, but 0 were provided
  C:\Users\Hugo\Desktop\Eng. Informática\2º Ano\2º Semestre\SO2\SO2-23-24\2ª META\Trabalho_Prático2024\board\board.c(124,12):
  the missing variadic argument 1 is required by format string '%d'
  
  board.vcxproj -> C:\Users\Hugo\Desktop\Eng. Informática\2º Ano\2º Semestre\SO2\SO2-23-24\2ª META\Trabalho_Prático2024\x64\Debug\board.exe
