  bolsa.c
C:\Users\Hugo\Desktop\Eng. Informática\2º Ano\2º Semestre\SO2\SO2-23-24\2ª META\Trabalho_Prático2024\bolsa.c(238,12): warning C4002: too many arguments for function-like macro invocation 'TEXT'
C:\Users\Hugo\Desktop\Eng. Informática\2º Ano\2º Semestre\SO2\SO2-23-24\2ª META\Trabalho_Prático2024\bolsa.c(238,12): warning C4473: 'wprintf' : not enough arguments passed for format string
  C:\Users\Hugo\Desktop\Eng. Informática\2º Ano\2º Semestre\SO2\SO2-23-24\2ª META\Trabalho_Prático2024\bolsa.c(238,12):
  placeholders and their parameters expect 1 variadic arguments, but 0 were provided
  C:\Users\Hugo\Desktop\Eng. Informática\2º Ano\2º Semestre\SO2\SO2-23-24\2ª META\Trabalho_Prático2024\bolsa.c(238,12):
  the missing variadic argument 1 is required by format string '%d'
  
C:\Users\Hugo\Desktop\Eng. Informática\2º Ano\2º Semestre\SO2\SO2-23-24\2ª META\Trabalho_Prático2024\bolsa.c(250,12): warning C4002: too many arguments for function-like macro invocation 'TEXT'
C:\Users\Hugo\Desktop\Eng. Informática\2º Ano\2º Semestre\SO2\SO2-23-24\2ª META\Trabalho_Prático2024\bolsa.c(250,12): warning C4473: 'wprintf' : not enough arguments passed for format string
  C:\Users\Hugo\Desktop\Eng. Informática\2º Ano\2º Semestre\SO2\SO2-23-24\2ª META\Trabalho_Prático2024\bolsa.c(250,12):
  placeholders and their parameters expect 1 variadic arguments, but 0 were provided
  C:\Users\Hugo\Desktop\Eng. Informática\2º Ano\2º Semestre\SO2\SO2-23-24\2ª META\Trabalho_Prático2024\bolsa.c(250,12):
  the missing variadic argument 1 is required by format string '%d'
  
C:\Users\Hugo\Desktop\Eng. Informática\2º Ano\2º Semestre\SO2\SO2-23-24\2ª META\Trabalho_Prático2024\bolsa.c(262,12): warning C4002: too many arguments for function-like macro invocation 'TEXT'
C:\Users\Hugo\Desktop\Eng. Informática\2º Ano\2º Semestre\SO2\SO2-23-24\2ª META\Trabalho_Prático2024\bolsa.c(262,12): warning C4473: 'wprintf' : not enough arguments passed for format string
  C:\Users\Hugo\Desktop\Eng. Informática\2º Ano\2º Semestre\SO2\SO2-23-24\2ª META\Trabalho_Prático2024\bolsa.c(262,12):
  placeholders and their parameters expect 1 variadic arguments, but 0 were provided
  C:\Users\Hugo\Desktop\Eng. Informática\2º Ano\2º Semestre\SO2\SO2-23-24\2ª META\Trabalho_Prático2024\bolsa.c(262,12):
  the missing variadic argument 1 is required by format string '%d'
  
C:\Users\Hugo\Desktop\Eng. Informática\2º Ano\2º Semestre\SO2\SO2-23-24\2ª META\Trabalho_Prático2024\bolsa.c(375,50): warning C4474: 'wprintf' : too many arguments passed for format string
  C:\Users\Hugo\Desktop\Eng. Informática\2º Ano\2º Semestre\SO2\SO2-23-24\2ª META\Trabalho_Prático2024\bolsa.c(375,50):
  placeholders and their parameters expect 0 variadic arguments, but 1 were provided
  
C:\Users\Hugo\Desktop\Eng. Informática\2º Ano\2º Semestre\SO2\SO2-23-24\2ª META\Trabalho_Prático2024\bolsa.c(386,27): warning C4244: '=': conversion from 'float' to 'DWORD', possible loss of data
C:\Users\Hugo\Desktop\Eng. Informática\2º Ano\2º Semestre\SO2\SO2-23-24\2ª META\Trabalho_Prático2024\bolsa.c(433,23): warning C4244: '=': conversion from 'float' to 'DWORD', possible loss of data
C:\Users\Hugo\Desktop\Eng. Informática\2º Ano\2º Semestre\SO2\SO2-23-24\2ª META\Trabalho_Prático2024\bolsa.c(481,60): warning C4474: 'wprintf' : too many arguments passed for format string
  C:\Users\Hugo\Desktop\Eng. Informática\2º Ano\2º Semestre\SO2\SO2-23-24\2ª META\Trabalho_Prático2024\bolsa.c(481,60):
  placeholders and their parameters expect 0 variadic arguments, but 1 were provided
  
C:\Users\Hugo\Desktop\Eng. Informática\2º Ano\2º Semestre\SO2\SO2-23-24\2ª META\Trabalho_Prático2024\bolsa.c(492,28): warning C4244: '=': conversion from 'float' to 'DWORD', possible loss of data
C:\Users\Hugo\Desktop\Eng. Informática\2º Ano\2º Semestre\SO2\SO2-23-24\2ª META\Trabalho_Prático2024\bolsa.c(28,12): warning C4047: 'initializing': 'TCHAR' differs in levels of indirection from 'empresaData *'
C:\Users\Hugo\Desktop\Eng. Informática\2º Ano\2º Semestre\SO2\SO2-23-24\2ª META\Trabalho_Prático2024\bolsa.c(28,12): warning C4047: 'initializing': 'TCHAR' differs in levels of indirection from 'carteiraAcoes *'
C:\Users\Hugo\Desktop\Eng. Informática\2º Ano\2º Semestre\SO2\SO2-23-24\2ª META\Trabalho_Prático2024\bolsa.c(12,44): warning C4101: 'nBytes': unreferenced local variable
C:\Users\Hugo\Desktop\Eng. Informática\2º Ano\2º Semestre\SO2\SO2-23-24\2ª META\Trabalho_Prático2024\bolsa.c(16,44): warning C4101: 'string': unreferenced local variable
C:\Users\Hugo\Desktop\Eng. Informática\2º Ano\2º Semestre\SO2\SO2-23-24\2ª META\Trabalho_Prático2024\bolsa.c(20,13): warning C4101: 'ov': unreferenced local variable
C:\Users\Hugo\Desktop\Eng. Informática\2º Ano\2º Semestre\SO2\SO2-23-24\2ª META\Trabalho_Prático2024\bolsa.c(8,9): warning C4101: 'hPipe': unreferenced local variable
C:\Users\Hugo\Desktop\Eng. Informática\2º Ano\2º Semestre\SO2\SO2-23-24\2ª META\Trabalho_Prático2024\bolsa.c(8,16): warning C4101: 'hPipeCliente': unreferenced local variable
C:\Users\Hugo\Desktop\Eng. Informática\2º Ano\2º Semestre\SO2\SO2-23-24\2ª META\Trabalho_Prático2024\bolsa.c(17,7): warning C4101: 'resultado': unreferenced local variable
C:\Users\Hugo\Desktop\Eng. Informática\2º Ano\2º Semestre\SO2\SO2-23-24\2ª META\Trabalho_Prático2024\bolsa.c(567,13): warning C4098: 'CriaRegedit': 'void' function returning a value
C:\Users\Hugo\Desktop\Eng. Informática\2º Ano\2º Semestre\SO2\SO2-23-24\2ª META\Trabalho_Prático2024\bolsa.c(573,57): warning C4047: 'function': 'DWORD' differs in levels of indirection from 'void *'
C:\Users\Hugo\Desktop\Eng. Informática\2º Ano\2º Semestre\SO2\SO2-23-24\2ª META\Trabalho_Prático2024\bolsa.c(573,57): warning C4024: 'RegSetValueExW': different types for formal and actual parameter 3
C:\Users\Hugo\Desktop\Eng. Informática\2º Ano\2º Semestre\SO2\SO2-23-24\2ª META\Trabalho_Prático2024\bolsa.c(573,83): warning C4047: 'function': 'const BYTE *' differs in levels of indirection from 'LPBYTE *'
C:\Users\Hugo\Desktop\Eng. Informática\2º Ano\2º Semestre\SO2\SO2-23-24\2ª META\Trabalho_Prático2024\bolsa.c(573,83): warning C4024: 'RegSetValueExW': different types for formal and actual parameter 5
C:\Users\Hugo\Desktop\Eng. Informática\2º Ano\2º Semestre\SO2\SO2-23-24\2ª META\Trabalho_Prático2024\bolsa.c(575,14): warning C4098: 'CriaRegedit': 'void' function returning a value
C:\Users\Hugo\Desktop\Eng. Informática\2º Ano\2º Semestre\SO2\SO2-23-24\2ª META\Trabalho_Prático2024\bolsa.c(554,7): warning C4101: 'aux': unreferenced local variable
C:\Users\Hugo\Desktop\Eng. Informática\2º Ano\2º Semestre\SO2\SO2-23-24\2ª META\Trabalho_Prático2024\bolsa.c(635,12): warning C4098: 'escreveRegedit': 'void' function returning a value
C:\Users\Hugo\Desktop\Eng. Informática\2º Ano\2º Semestre\SO2\SO2-23-24\2ª META\Trabalho_Prático2024\bolsa.c(646,12): warning C4098: 'escreveRegedit': 'void' function returning a value
C:\Users\Hugo\Desktop\Eng. Informática\2º Ano\2º Semestre\SO2\SO2-23-24\2ª META\Trabalho_Prático2024\bolsa.c(674,8): warning C4047: '=': 'BOOL' differs in levels of indirection from 'BOOL *'
C:\Users\Hugo\Desktop\Eng. Informática\2º Ano\2º Semestre\SO2\SO2-23-24\2ª META\Trabalho_Prático2024\bolsa.c(730,12): warning C4002: too many arguments for function-like macro invocation 'TEXT'
C:\Users\Hugo\Desktop\Eng. Informática\2º Ano\2º Semestre\SO2\SO2-23-24\2ª META\Trabalho_Prático2024\bolsa.c(730,12): warning C4473: 'wprintf' : not enough arguments passed for format string
  C:\Users\Hugo\Desktop\Eng. Informática\2º Ano\2º Semestre\SO2\SO2-23-24\2ª META\Trabalho_Prático2024\bolsa.c(730,12):
  placeholders and their parameters expect 1 variadic arguments, but 0 were provided
  C:\Users\Hugo\Desktop\Eng. Informática\2º Ano\2º Semestre\SO2\SO2-23-24\2ª META\Trabalho_Prático2024\bolsa.c(730,12):
  the missing variadic argument 1 is required by format string '%d'
  
C:\Users\Hugo\Desktop\Eng. Informática\2º Ano\2º Semestre\SO2\SO2-23-24\2ª META\Trabalho_Prático2024\bolsa.c(848,13): warning C4477: 'wprintf' : format string '%d' requires an argument of type 'int', but variadic argument 2 has type 'size_t'
  C:\Users\Hugo\Desktop\Eng. Informática\2º Ano\2º Semestre\SO2\SO2-23-24\2ª META\Trabalho_Prático2024\bolsa.c(848,13):
  consider using '%zd' in the format string
  
C:\Users\Hugo\Desktop\Eng. Informática\2º Ano\2º Semestre\SO2\SO2-23-24\2ª META\Trabalho_Prático2024\bolsa.c(882,45): warning C4244: '*=': conversion from 'double' to 'float', possible loss of data
C:\Users\Hugo\Desktop\Eng. Informática\2º Ano\2º Semestre\SO2\SO2-23-24\2ª META\Trabalho_Prático2024\bolsa.c(915,45): warning C4244: '*=': conversion from 'double' to 'float', possible loss of data
C:\Users\Hugo\Desktop\Eng. Informática\2º Ano\2º Semestre\SO2\SO2-23-24\2ª META\Trabalho_Prático2024\bolsa.c(1015,29): warning C4018: '<': signed/unsigned mismatch
C:\Users\Hugo\Desktop\Eng. Informática\2º Ano\2º Semestre\SO2\SO2-23-24\2ª META\Trabalho_Prático2024\bolsa.c(1031,44): warning C4244: '/=': conversion from 'double' to 'float', possible loss of data
C:\Users\Hugo\Desktop\Eng. Informática\2º Ano\2º Semestre\SO2\SO2-23-24\2ª META\Trabalho_Prático2024\bolsa.c(1072,30): warning C4129: ' ': unrecognized character escape sequence
C:\Users\Hugo\Desktop\Eng. Informática\2º Ano\2º Semestre\SO2\SO2-23-24\2ª META\Trabalho_Prático2024\bolsa.c(1114,13): warning C4477: 'wprintf' : format string '%d' requires an argument of type 'int', but variadic argument 2 has type 'size_t'
  C:\Users\Hugo\Desktop\Eng. Informática\2º Ano\2º Semestre\SO2\SO2-23-24\2ª META\Trabalho_Prático2024\bolsa.c(1114,13):
  consider using '%zd' in the format string
  
C:\Users\Hugo\Desktop\Eng. Informática\2º Ano\2º Semestre\SO2\SO2-23-24\2ª META\Trabalho_Prático2024\bolsa.c(660,14): warning C4101: 'lastTransation': unreferenced local variable
C:\Users\Hugo\Desktop\Eng. Informática\2º Ano\2º Semestre\SO2\SO2-23-24\2ª META\Trabalho_Prático2024\bolsa.c(663,17): warning C4101: 'cA': unreferenced local variable
C:\Users\Hugo\Desktop\Eng. Informática\2º Ano\2º Semestre\SO2\SO2-23-24\2ª META\Trabalho_Prático2024\bolsa.c(1208,25): warning C4047: '=': 'BOOL *' differs in levels of indirection from 'BOOL'
C:\Users\Hugo\Desktop\Eng. Informática\2º Ano\2º Semestre\SO2\SO2-23-24\2ª META\Trabalho_Prático2024\bolsa.c(1158,8): warning C4101: 'n': unreferenced local variable
C:\Users\Hugo\Desktop\Eng. Informática\2º Ano\2º Semestre\SO2\SO2-23-24\2ª META\Trabalho_Prático2024\bolsa.c(1258,12): warning C4002: too many arguments for function-like macro invocation 'TEXT'
C:\Users\Hugo\Desktop\Eng. Informática\2º Ano\2º Semestre\SO2\SO2-23-24\2ª META\Trabalho_Prático2024\bolsa.c(1258,12): warning C4473: 'wprintf' : not enough arguments passed for format string
  C:\Users\Hugo\Desktop\Eng. Informática\2º Ano\2º Semestre\SO2\SO2-23-24\2ª META\Trabalho_Prático2024\bolsa.c(1258,12):
  placeholders and their parameters expect 1 variadic arguments, but 0 were provided
  C:\Users\Hugo\Desktop\Eng. Informática\2º Ano\2º Semestre\SO2\SO2-23-24\2ª META\Trabalho_Prático2024\bolsa.c(1258,12):
  the missing variadic argument 1 is required by format string '%d'
  
C:\Users\Hugo\Desktop\Eng. Informática\2º Ano\2º Semestre\SO2\SO2-23-24\2ª META\Trabalho_Prático2024\bolsa.c(1308,81): warning C4244: '=': conversion from 'double' to 'float', possible loss of data
C:\Users\Hugo\Desktop\Eng. Informática\2º Ano\2º Semestre\SO2\SO2-23-24\2ª META\Trabalho_Prático2024\bolsa.c(1328,81): warning C4244: '=': conversion from 'double' to 'float', possible loss of data
C:\Users\Hugo\Desktop\Eng. Informática\2º Ano\2º Semestre\SO2\SO2-23-24\2ª META\Trabalho_Prático2024\bolsa.c(1385,12): warning C4002: too many arguments for function-like macro invocation 'TEXT'
C:\Users\Hugo\Desktop\Eng. Informática\2º Ano\2º Semestre\SO2\SO2-23-24\2ª META\Trabalho_Prático2024\bolsa.c(1385,12): warning C4473: 'wprintf' : not enough arguments passed for format string
  C:\Users\Hugo\Desktop\Eng. Informática\2º Ano\2º Semestre\SO2\SO2-23-24\2ª META\Trabalho_Prático2024\bolsa.c(1385,12):
  placeholders and their parameters expect 1 variadic arguments, but 0 were provided
  C:\Users\Hugo\Desktop\Eng. Informática\2º Ano\2º Semestre\SO2\SO2-23-24\2ª META\Trabalho_Prático2024\bolsa.c(1385,12):
  the missing variadic argument 1 is required by format string '%d'
  
  Trabalho_Prático2024.vcxproj -> C:\Users\Hugo\Desktop\Eng. Informática\2º Ano\2º Semestre\SO2\SO2-23-24\2ª META\Trabalho_Prático2024\x64\Debug\bolsa.exe
