  cliente.c
C:\Users\Hugo\Desktop\Eng. Informática\2º Ano\2º Semestre\SO2\SO2-23-24\2ª META\Trabalho_Prático2024\cliente\cliente.c(52,9): warning C4113: 'DWORD (__cdecl *)()' differs in parameter lists from 'LPTHREAD_START_ROUTINE'
C:\Users\Hugo\Desktop\Eng. Informática\2º Ano\2º Semestre\SO2\SO2-23-24\2ª META\Trabalho_Prático2024\cliente\cliente.c(57,18): warning C4002: too many arguments for function-like macro invocation 'TEXT'
C:\Users\Hugo\Desktop\Eng. Informática\2º Ano\2º Semestre\SO2\SO2-23-24\2ª META\Trabalho_Prático2024\cliente\cliente.c(57,18): warning C4473: 'wprintf' : not enough arguments passed for format string
  C:\Users\Hugo\Desktop\Eng. Informática\2º Ano\2º Semestre\SO2\SO2-23-24\2ª META\Trabalho_Prático2024\cliente\cliente.c(57,18):
  placeholders and their parameters expect 1 variadic arguments, but 0 were provided
  C:\Users\Hugo\Desktop\Eng. Informática\2º Ano\2º Semestre\SO2\SO2-23-24\2ª META\Trabalho_Prático2024\cliente\cliente.c(57,18):
  the missing variadic argument 1 is required by format string '%d'
  
C:\Users\Hugo\Desktop\Eng. Informática\2º Ano\2º Semestre\SO2\SO2-23-24\2ª META\Trabalho_Prático2024\cliente\cliente.c(77,18): warning C4002: too many arguments for function-like macro invocation 'TEXT'
C:\Users\Hugo\Desktop\Eng. Informática\2º Ano\2º Semestre\SO2\SO2-23-24\2ª META\Trabalho_Prático2024\cliente\cliente.c(77,18): warning C4473: 'wprintf' : not enough arguments passed for format string
  C:\Users\Hugo\Desktop\Eng. Informática\2º Ano\2º Semestre\SO2\SO2-23-24\2ª META\Trabalho_Prático2024\cliente\cliente.c(77,18):
  placeholders and their parameters expect 1 variadic arguments, but 0 were provided
  C:\Users\Hugo\Desktop\Eng. Informática\2º Ano\2º Semestre\SO2\SO2-23-24\2ª META\Trabalho_Prático2024\cliente\cliente.c(77,18):
  the missing variadic argument 1 is required by format string '%d'
  
C:\Users\Hugo\Desktop\Eng. Informática\2º Ano\2º Semestre\SO2\SO2-23-24\2ª META\Trabalho_Prático2024\cliente\cliente.c(15,11): warning C4101: 'string': unreferenced local variable
C:\Users\Hugo\Desktop\Eng. Informática\2º Ano\2º Semestre\SO2\SO2-23-24\2ª META\Trabalho_Prático2024\cliente\cliente.c(23,12): warning C4101: 'hSemaphore': unreferenced local variable
C:\Users\Hugo\Desktop\Eng. Informática\2º Ano\2º Semestre\SO2\SO2-23-24\2ª META\Trabalho_Prático2024\cliente\cliente.c(14,38): warning C4101: 'comando': unreferenced local variable
C:\Users\Hugo\Desktop\Eng. Informática\2º Ano\2º Semestre\SO2\SO2-23-24\2ª META\Trabalho_Prático2024\cliente\cliente.c(14,23): warning C4101: 'password': unreferenced local variable
C:\Users\Hugo\Desktop\Eng. Informática\2º Ano\2º Semestre\SO2\SO2-23-24\2ª META\Trabalho_Prático2024\cliente\cliente.c(14,11): warning C4101: 'login': unreferenced local variable
C:\Users\Hugo\Desktop\Eng. Informática\2º Ano\2º Semestre\SO2\SO2-23-24\2ª META\Trabalho_Prático2024\cliente\cliente.c(242,1): warning C4716: 'cliente_read': must return a value
  cliente.vcxproj -> C:\Users\Hugo\Desktop\Eng. Informática\2º Ano\2º Semestre\SO2\SO2-23-24\2ª META\Trabalho_Prático2024\x64\Debug\cliente.exe
